<?xml version="1.0" encoding="UTF-8"?>
<testng-results ignored="0" total="2" passed="2" failed="0" skipped="0">
  <reporter-output>
  </reporter-output>
  <suite started-at="2019-04-11T21:39:17Z" name="Default suite" finished-at="2019-04-11T21:39:17Z" duration-ms="26">
    <groups>
    </groups>
    <test started-at="2019-04-11T21:39:17Z" name="Default test" finished-at="2019-04-11T21:39:17Z" duration-ms="26">
      <class name="testngExample.BasicAnnotations">
        <test-method is-config="true" signature="setupTest()[pri:0, instance:testngExample.BasicAnnotations@5f8edcc5]" started-at="2019-04-11T21:39:17Z" name="setupTest" finished-at="2019-04-11T21:39:17Z" duration-ms="6" status="PASS">
          <reporter-output>
          </reporter-output>
        </test-method> <!-- setupTest -->
        <test-method is-config="true" signature="setupClass()[pri:0, instance:testngExample.BasicAnnotations@5f8edcc5]" started-at="2019-04-11T21:39:17Z" name="setupClass" finished-at="2019-04-11T21:39:17Z" duration-ms="0" status="PASS">
          <reporter-output>
          </reporter-output>
        </test-method> <!-- setupClass -->
        <test-method is-config="true" signature="setupMethod()[pri:0, instance:testngExample.BasicAnnotations@5f8edcc5]" started-at="2019-04-11T21:39:17Z" name="setupMethod" finished-at="2019-04-11T21:39:17Z" duration-ms="0" status="PASS">
          <reporter-output>
          </reporter-output>
        </test-method> <!-- setupMethod -->
        <test-method signature="test1()[pri:0, instance:testngExample.BasicAnnotations@5f8edcc5]" started-at="2019-04-11T21:39:17Z" name="test1" finished-at="2019-04-11T21:39:17Z" duration-ms="4" status="PASS">
          <reporter-output>
          </reporter-output>
        </test-method> <!-- test1 -->
        <test-method is-config="true" signature="tearDownMethod()[pri:0, instance:testngExample.BasicAnnotations@5f8edcc5]" started-at="2019-04-11T21:39:17Z" name="tearDownMethod" finished-at="2019-04-11T21:39:17Z" duration-ms="0" status="PASS">
          <reporter-output>
          </reporter-output>
        </test-method> <!-- tearDownMethod -->
        <test-method signature="test2()[pri:0, instance:testngExample.BasicAnnotations@5f8edcc5]" started-at="2019-04-11T21:39:17Z" name="test2" finished-at="2019-04-11T21:39:17Z" duration-ms="1" status="PASS">
          <reporter-output>
          </reporter-output>
        </test-method> <!-- test2 -->
        <test-method is-config="true" signature="setupMethod()[pri:0, instance:testngExample.BasicAnnotations@5f8edcc5]" started-at="2019-04-11T21:39:17Z" name="setupMethod" finished-at="2019-04-11T21:39:17Z" duration-ms="0" status="PASS">
          <reporter-output>
          </reporter-output>
        </test-method> <!-- setupMethod -->
        <test-method is-config="true" signature="tearDownClass()[pri:0, instance:testngExample.BasicAnnotations@5f8edcc5]" started-at="2019-04-11T21:39:17Z" name="tearDownClass" finished-at="2019-04-11T21:39:17Z" duration-ms="0" status="PASS">
          <reporter-output>
          </reporter-output>
        </test-method> <!-- tearDownClass -->
        <test-method is-config="true" signature="tearDownMethod()[pri:0, instance:testngExample.BasicAnnotations@5f8edcc5]" started-at="2019-04-11T21:39:17Z" name="tearDownMethod" finished-at="2019-04-11T21:39:17Z" duration-ms="0" status="PASS">
          <reporter-output>
          </reporter-output>
        </test-method> <!-- tearDownMethod -->
        <test-method is-config="true" signature="tearDownTest()[pri:0, instance:testngExample.BasicAnnotations@5f8edcc5]" started-at="2019-04-11T21:39:17Z" name="tearDownTest" finished-at="2019-04-11T21:39:17Z" duration-ms="0" status="PASS">
          <reporter-output>
          </reporter-output>
        </test-method> <!-- tearDownTest -->
      </class> <!-- testngExample.BasicAnnotations -->
    </test> <!-- Default test -->
  </suite> <!-- Default suite -->
</testng-results>
